Build started 10/29/2010 1:01:57 PM.
     1>Project "C:\Users\Stephen\Documents\Programming\MyProjects\Stargate\Stargate\Stargate.vcxproj" on node 2 (build target(s)).
     1>InitializeBuildStatus:
         Creating "Debug\Stargate.unsuccessfulbuild" because "AlwaysCreate" was specified.
       ClCompile:
         C:\Program Files (x86)\Microsoft Visual Studio 10.0\VC\bin\CL.exe /c /I"C:\Program Files (x86)\boost_1_44_0\\" /ZI /nologo /W3 /WX- /Od /Oy- /D _MBCS /D _MBCS /Gm /EHsc /RTC1 /MDd /GS /fp:precise /Zc:wchar_t /Zc:forScope /Fo"Debug\\" /Fd"Debug\vc100.pdb" /Gd /TP /analyze- /errorReport:prompt main.cpp
         main.cpp
     1>c:\users\stephen\documents\programming\myprojects\stargate\stargate\tilemap.h(35): warning C4018: '<' : signed/unsigned mismatch
     1>c:\users\stephen\documents\programming\myprojects\stargate\stargate\main.cpp(46): warning C4305: 'initializing' : truncation from 'double' to 'float'
     1>c:\users\stephen\documents\programming\myprojects\stargate\stargate\main.cpp(70): warning C4244: 'argument' : conversion from 'float' to 'int', possible loss of data
     1>c:\users\stephen\documents\programming\myprojects\stargate\stargate\main.cpp(70): warning C4244: 'argument' : conversion from 'float' to 'int', possible loss of data
     1>c:\users\stephen\documents\programming\myprojects\stargate\stargate\main.cpp(70): warning C4244: 'argument' : conversion from 'const float' to 'int', possible loss of data
     1>c:\users\stephen\documents\programming\myprojects\stargate\stargate\main.cpp(70): warning C4244: 'argument' : conversion from 'const float' to 'int', possible loss of data
     1>c:\users\stephen\documents\programming\myprojects\stargate\stargate\main.cpp(72): warning C4244: 'argument' : conversion from 'const int' to 'float', possible loss of data
     1>c:\users\stephen\documents\programming\myprojects\stargate\stargate\main.cpp(72): warning C4244: 'argument' : conversion from 'const int' to 'float', possible loss of data
       Link:
         C:\Program Files (x86)\Microsoft Visual Studio 10.0\VC\bin\link.exe /ERRORREPORT:PROMPT /OUT:"C:\Users\Stephen\Documents\Programming\MyProjects\Stargate\Debug\Stargate.exe" /NOLOGO /LIBPATH:"C:\Program Files (x86)\boost_1_44_0\stage\lib\\" "sfml-graphics-s-d.lib" "sfml-audio-s-d.lib" "sfml-window-s-d.lib" "sfml-system-s-d.lib" kernel32.lib user32.lib gdi32.lib winspool.lib comdlg32.lib advapi32.lib shell32.lib ole32.lib oleaut32.lib uuid.lib odbc32.lib odbccp32.lib /MANIFEST /ManifestFile:"Debug\Stargate.exe.intermediate.manifest" /MANIFESTUAC:"level='asInvoker' uiAccess='false'" /DEBUG /PDB:"C:\Users\Stephen\Documents\Programming\MyProjects\Stargate\Debug\Stargate.pdb" /TLBID:1 /DYNAMICBASE /NXCOMPAT /IMPLIB:"C:\Users\Stephen\Documents\Programming\MyProjects\Stargate\Debug\Stargate.lib" /MACHINE:X86 Debug\main.obj
         Debug\TileMap.obj
         LINK : C:\Users\Stephen\Documents\Programming\MyProjects\Stargate\Debug\Stargate.exe not found or not built by the last incremental link; performing full link
         Stargate.vcxproj -> C:\Users\Stephen\Documents\Programming\MyProjects\Stargate\Debug\Stargate.exe
       Manifest:
         C:\Program Files (x86)\Microsoft SDKs\Windows\v7.0A\bin\mt.exe /nologo /verbose /outputresource:"C:\Users\Stephen\Documents\Programming\MyProjects\Stargate\Debug\Stargate.exe;#1" /manifest Debug\Stargate.exe.intermediate.manifest
       FinalizeBuildStatus:
         Deleting file "Debug\Stargate.unsuccessfulbuild".
         Touching "Debug\Stargate.lastbuildstate".
     1>Done Building Project "C:\Users\Stephen\Documents\Programming\MyProjects\Stargate\Stargate\Stargate.vcxproj" (build target(s)).

Build succeeded.

Time Elapsed 00:00:02.79
