Build started 11/3/2010 5:08:35 PM.
     1>Project "C:\Users\Stephen\Documents\Programming\MyProjects\Stargate\Stargate\Stargate.vcxproj" on node 2 (build target(s)).
     1>InitializeBuildStatus:
         Creating "Release\Stargate.unsuccessfulbuild" because "AlwaysCreate" was specified.
       ClCompile:
         C:\Program Files (x86)\Microsoft Visual Studio 10.0\VC\bin\CL.exe /c /I"C:\Program Files (x86)\boost_1_44_0\\" /Zi /nologo /W3 /WX- /O2 /Oi /Oy- /GL /D _MBCS /Gm- /EHsc /MD /GS /Gy /fp:precise /Zc:wchar_t /Zc:forScope /Fo"Release\\" /Fd"Release\vc100.pdb" /Gd /TP /analyze- /errorReport:prompt TileMap.cpp imgui.cpp main.cpp
         TileMap.cpp
     1>c:\users\stephen\documents\programming\myprojects\stargate\stargate\TileMap.h(13): warning C4482: nonstandard extension used: enum 'Collision' used in qualified name
     1>c:\users\stephen\documents\programming\myprojects\stargate\stargate\TileMap.h(36): warning C4018: '<' : signed/unsigned mismatch
     1>TileMap.cpp(59): warning C4482: nonstandard extension used: enum 'Layer' used in qualified name
     1>TileMap.cpp(68): warning C4244: 'argument' : conversion from 'const int' to 'float', possible loss of data
     1>TileMap.cpp(68): warning C4244: 'argument' : conversion from 'const int' to 'float', possible loss of data
     1>TileMap.cpp(77): warning C4482: nonstandard extension used: enum 'Layer' used in qualified name
     1>TileMap.cpp(86): warning C4244: 'argument' : conversion from 'float' to 'int', possible loss of data
     1>TileMap.cpp(86): warning C4244: 'argument' : conversion from 'float' to 'int', possible loss of data
     1>TileMap.cpp(86): warning C4244: 'argument' : conversion from 'const float' to 'int', possible loss of data
     1>TileMap.cpp(86): warning C4244: 'argument' : conversion from 'const float' to 'int', possible loss of data
     1>TileMap.cpp(123): warning C4018: '<' : signed/unsigned mismatch
     1>TileMap.cpp(134): warning C4018: '<' : signed/unsigned mismatch
     1>TileMap.cpp(140): warning C4482: nonstandard extension used: enum 'Collision' used in qualified name
     1>TileMap.cpp(145): warning C4482: nonstandard extension used: enum 'Layer' used in qualified name
         imgui.cpp
     1>imgui.cpp(177): warning C4244: 'argument' : conversion from 'const int' to 'float', possible loss of data
     1>imgui.cpp(177): warning C4244: 'argument' : conversion from 'const int' to 'float', possible loss of data
     1>imgui.cpp(177): warning C4244: 'argument' : conversion from 'const int' to 'float', possible loss of data
     1>imgui.cpp(177): warning C4244: 'argument' : conversion from 'const int' to 'float', possible loss of data
     1>imgui.cpp(193): warning C4244: 'argument' : conversion from 'int' to 'float', possible loss of data
     1>imgui.cpp(193): warning C4244: 'argument' : conversion from 'int' to 'float', possible loss of data
     1>imgui.cpp(199): warning C4244: 'argument' : conversion from 'int' to 'float', possible loss of data
     1>imgui.cpp(199): warning C4244: 'argument' : conversion from 'int' to 'float', possible loss of data
     1>imgui.cpp(205): warning C4244: 'argument' : conversion from 'double' to 'sf::Uint8', possible loss of data
     1>imgui.cpp(209): warning C4244: 'argument' : conversion from 'int' to 'float', possible loss of data
     1>imgui.cpp(209): warning C4244: 'argument' : conversion from 'int' to 'float', possible loss of data
     1>imgui.cpp(230): warning C4244: 'argument' : conversion from 'int' to 'float', possible loss of data
     1>imgui.cpp(230): warning C4244: 'argument' : conversion from 'int' to 'float', possible loss of data
     1>imgui.cpp(296): warning C4244: 'argument' : conversion from 'const int' to 'float', possible loss of data
     1>imgui.cpp(296): warning C4244: 'argument' : conversion from 'const int' to 'float', possible loss of data
     1>imgui.cpp(296): warning C4244: 'argument' : conversion from 'const int' to 'float', possible loss of data
     1>imgui.cpp(296): warning C4244: 'argument' : conversion from 'const int' to 'float', possible loss of data
     1>imgui.cpp(303): warning C4244: 'argument' : conversion from 'int' to 'float', possible loss of data
     1>imgui.cpp(303): warning C4244: 'argument' : conversion from 'int' to 'float', possible loss of data
     1>imgui.cpp(329): warning C4244: 'argument' : conversion from 'int' to 'float', possible loss of data
     1>imgui.cpp(396): warning C4244: 'argument' : conversion from 'int' to 'float', possible loss of data
     1>imgui.cpp(396): warning C4244: 'argument' : conversion from 'int' to 'float', possible loss of data
     1>imgui.cpp(396): warning C4244: 'argument' : conversion from 'int' to 'float', possible loss of data
     1>imgui.cpp(396): warning C4244: 'argument' : conversion from 'int' to 'float', possible loss of data
     1>imgui.cpp(397): warning C4244: 'argument' : conversion from 'int' to 'float', possible loss of data
     1>imgui.cpp(397): warning C4244: 'argument' : conversion from 'int' to 'float', possible loss of data
     1>imgui.cpp(397): warning C4244: 'argument' : conversion from 'int' to 'float', possible loss of data
     1>imgui.cpp(397): warning C4244: 'argument' : conversion from 'int' to 'float', possible loss of data
         main.cpp
     1>c:\users\stephen\documents\programming\myprojects\stargate\stargate\TileMap.h(13): warning C4482: nonstandard extension used: enum 'Collision' used in qualified name
     1>c:\users\stephen\documents\programming\myprojects\stargate\stargate\TileMap.h(36): warning C4018: '<' : signed/unsigned mismatch
     1>main.cpp(46): warning C4244: 'argument' : conversion from 'int' to 'float', possible loss of data
     1>main.cpp(46): warning C4244: 'argument' : conversion from 'int' to 'float', possible loss of data
     1>main.cpp(47): warning C4244: 'argument' : conversion from 'double' to 'float', possible loss of data
     1>main.cpp(47): warning C4244: 'argument' : conversion from 'int' to 'float', possible loss of data
     1>main.cpp(48): warning C4244: 'argument' : conversion from 'double' to 'float', possible loss of data
     1>main.cpp(48): warning C4244: 'argument' : conversion from 'int' to 'float', possible loss of data
     1>main.cpp(57): warning C4244: 'argument' : conversion from 'double' to 'int', possible loss of data
     1>main.cpp(57): warning C4244: 'argument' : conversion from 'double' to 'int', possible loss of data
     1>main.cpp(61): warning C4244: 'argument' : conversion from 'double' to 'int', possible loss of data
     1>main.cpp(61): warning C4244: 'argument' : conversion from 'double' to 'int', possible loss of data
     1>main.cpp(65): warning C4244: 'argument' : conversion from 'double' to 'int', possible loss of data
     1>main.cpp(65): warning C4244: 'argument' : conversion from 'double' to 'int', possible loss of data
     1>main.cpp(187): warning C4244: 'argument' : conversion from 'const int' to 'float', possible loss of data
     1>main.cpp(193): warning C4244: 'argument' : conversion from 'const int' to 'float', possible loss of data
     1>main.cpp(216): warning C4244: 'initializing' : conversion from 'float' to 'int', possible loss of data
     1>main.cpp(217): warning C4244: 'initializing' : conversion from 'float' to 'int', possible loss of data
     1>main.cpp(219): warning C4482: nonstandard extension used: enum 'Layer' used in qualified name
     1>main.cpp(219): warning C4482: nonstandard extension used: enum 'Collision' used in qualified name
       Link:
         C:\Program Files (x86)\Microsoft Visual Studio 10.0\VC\bin\link.exe /ERRORREPORT:PROMPT /OUT:"C:\Users\Stephen\Documents\Programming\MyProjects\Stargate\Release\Stargate.exe" /NOLOGO /LIBPATH:"C:\Program Files (x86)\boost_1_44_0\stage\lib\\" "sfml-graphics.lib" "sfml-audio.lib" "sfml-window.lib" "sfml-system.lib" kernel32.lib user32.lib gdi32.lib winspool.lib comdlg32.lib advapi32.lib shell32.lib ole32.lib oleaut32.lib uuid.lib odbc32.lib odbccp32.lib /MANIFEST /ManifestFile:"Release\Stargate.exe.intermediate.manifest" /MANIFESTUAC:"level='asInvoker' uiAccess='false'" /DEBUG /PDB:"C:\Users\Stephen\Documents\Programming\MyProjects\Stargate\Release\Stargate.pdb" /OPT:REF /OPT:ICF /LTCG /TLBID:1 /DYNAMICBASE /NXCOMPAT /IMPLIB:"C:\Users\Stephen\Documents\Programming\MyProjects\Stargate\Release\Stargate.lib" /MACHINE:X86 Release\imgui.obj
         Release\main.obj
         Release\TileMap.obj
         Generating code
         Finished generating code
         Stargate.vcxproj -> C:\Users\Stephen\Documents\Programming\MyProjects\Stargate\Release\Stargate.exe
       Manifest:
         C:\Program Files (x86)\Microsoft SDKs\Windows\v7.0A\bin\mt.exe /nologo /verbose /outputresource:"C:\Users\Stephen\Documents\Programming\MyProjects\Stargate\Release\Stargate.exe;#1" /manifest Release\Stargate.exe.intermediate.manifest
       FinalizeBuildStatus:
         Deleting file "Release\Stargate.unsuccessfulbuild".
         Touching "Release\Stargate.lastbuildstate".
     1>Done Building Project "C:\Users\Stephen\Documents\Programming\MyProjects\Stargate\Stargate\Stargate.vcxproj" (build target(s)).

Build succeeded.

Time Elapsed 00:00:08.87
